<?xml version="1.0" encoding="UTF-8"?>
<testng-results skipped="2" failed="2" total="22" passed="18">
  <reporter-output>
  </reporter-output>
  <suite name="Suite" duration-ms="910807" started-at="2019-02-21T07:23:34Z" finished-at="2019-02-21T07:38:44Z">
    <groups>
      <group name="Regression">
        <method signature="FacebookTestCases.Birthday_Input_Test()[pri:0, instance:DemoMaven.FacebookTest.FacebookTestCases@5ebec15]" name="Birthday_Input_Test" class="DemoMaven.FacebookTest.FacebookTestCases"/>
        <method signature="FacebookTestCases.Blank_Username_Password_Test()[pri:0, instance:DemoMaven.FacebookTest.FacebookTestCases@5ebec15]" name="Blank_Username_Password_Test" class="DemoMaven.FacebookTest.FacebookTestCases"/>
        <method signature="FacebookTestCases.Click_On_GenderOption_Test()[pri:0, instance:DemoMaven.FacebookTest.FacebookTestCases@5ebec15]" name="Click_On_GenderOption_Test" class="DemoMaven.FacebookTest.FacebookTestCases"/>
        <method signature="FacebookTestCases.Create_New_Account_Visible_Test()[pri:0, instance:DemoMaven.FacebookTest.FacebookTestCases@5ebec15]" name="Create_New_Account_Visible_Test" class="DemoMaven.FacebookTest.FacebookTestCases"/>
        <method signature="FacebookTestCases.Firstname_Test()[pri:0, instance:DemoMaven.FacebookTest.FacebookTestCases@5ebec15]" name="Firstname_Test" class="DemoMaven.FacebookTest.FacebookTestCases"/>
        <method signature="FacebookTestCases.Invalid_Username_Password_Test()[pri:0, instance:DemoMaven.FacebookTest.FacebookTestCases@5ebec15]" name="Invalid_Username_Password_Test" class="DemoMaven.FacebookTest.FacebookTestCases"/>
        <method signature="FacebookTestCases.MobileNo_OR_Email_Test()[pri:0, instance:DemoMaven.FacebookTest.FacebookTestCases@5ebec15]" name="MobileNo_OR_Email_Test" class="DemoMaven.FacebookTest.FacebookTestCases"/>
        <method signature="FacebookTestCases.New_Passwod_Test()[pri:0, instance:DemoMaven.FacebookTest.FacebookTestCases@5ebec15]" name="New_Passwod_Test" class="DemoMaven.FacebookTest.FacebookTestCases"/>
        <method signature="FacebookTestCases.Password_Test()[pri:0, instance:DemoMaven.FacebookTest.FacebookTestCases@5ebec15]" name="Password_Test" class="DemoMaven.FacebookTest.FacebookTestCases"/>
        <method signature="FacebookTestCases.SignUp_Submit_Button_Test()[pri:0, instance:DemoMaven.FacebookTest.FacebookTestCases@5ebec15]" name="SignUp_Submit_Button_Test" class="DemoMaven.FacebookTest.FacebookTestCases"/>
        <method signature="FacebookTestCases.Surname_Test()[pri:0, instance:DemoMaven.FacebookTest.FacebookTestCases@5ebec15]" name="Surname_Test" class="DemoMaven.FacebookTest.FacebookTestCases"/>
        <method signature="FacebookTestCases.Username_Test()[pri:0, instance:DemoMaven.FacebookTest.FacebookTestCases@5ebec15]" name="Username_Test" class="DemoMaven.FacebookTest.FacebookTestCases"/>
        <method signature="FacebookTestCases.check_Links()[pri:0, instance:DemoMaven.FacebookTest.FacebookTestCases@5ebec15]" name="check_Links" class="DemoMaven.FacebookTest.FacebookTestCases"/>
        <method signature="FacebookTestCases.check_Links_Test()[pri:0, instance:DemoMaven.FacebookTest.FacebookTestCases@5ebec15]" name="check_Links_Test" class="DemoMaven.FacebookTest.FacebookTestCases"/>
        <method signature="FacebookTestCases.check_LoginButton_Color_Test()[pri:0, instance:DemoMaven.FacebookTest.FacebookTestCases@5ebec15]" name="check_LoginButton_Color_Test" class="DemoMaven.FacebookTest.FacebookTestCases"/>
        <method signature="FacebookTestCases.valid_Username_Password_Logout_Test()[pri:0, instance:DemoMaven.FacebookTest.FacebookTestCases@5ebec15]" name="valid_Username_Password_Logout_Test" class="DemoMaven.FacebookTest.FacebookTestCases"/>
      </group> <!-- Regression -->
    </groups>
    <test name="Test" duration-ms="910807" started-at="2019-02-21T07:23:34Z" finished-at="2019-02-21T07:38:44Z">
      <class name="DemoMaven.FacebookTest.FacebookTestCases">
        <test-method status="PASS" signature="SetUp()[pri:0, instance:DemoMaven.FacebookTest.FacebookTestCases@5ebec15]" name="SetUp" is-config="true" duration-ms="50043" started-at="2019-02-21T12:53:34Z" finished-at="2019-02-21T12:54:24Z">
          <reporter-output>
          </reporter-output>
        </test-method> <!-- SetUp -->
        <test-method status="PASS" signature="Facebook_Logo_Visible_Test()[pri:0, instance:DemoMaven.FacebookTest.FacebookTestCases@5ebec15]" name="Facebook_Logo_Visible_Test" duration-ms="1875" started-at="2019-02-21T12:54:24Z" finished-at="2019-02-21T12:54:26Z">
          <reporter-output>
          </reporter-output>
        </test-method> <!-- Facebook_Logo_Visible_Test -->
        <test-method status="PASS" signature="tearDown()[pri:0, instance:DemoMaven.FacebookTest.FacebookTestCases@5ebec15]" name="tearDown" is-config="true" duration-ms="1269" started-at="2019-02-21T12:54:26Z" finished-at="2019-02-21T12:54:27Z">
          <reporter-output>
          </reporter-output>
        </test-method> <!-- tearDown -->
        <test-method status="PASS" signature="SetUp()[pri:0, instance:DemoMaven.FacebookTest.FacebookTestCases@5ebec15]" name="SetUp" is-config="true" duration-ms="32798" started-at="2019-02-21T12:54:27Z" finished-at="2019-02-21T12:55:00Z">
          <reporter-output>
          </reporter-output>
        </test-method> <!-- SetUp -->
        <test-method status="PASS" signature="verifyPageTitleTest()[pri:0, instance:DemoMaven.FacebookTest.FacebookTestCases@5ebec15]" name="verifyPageTitleTest" duration-ms="49" started-at="2019-02-21T12:55:00Z" finished-at="2019-02-21T12:55:00Z">
          <reporter-output>
          </reporter-output>
        </test-method> <!-- verifyPageTitleTest -->
        <test-method status="PASS" signature="tearDown()[pri:0, instance:DemoMaven.FacebookTest.FacebookTestCases@5ebec15]" name="tearDown" is-config="true" duration-ms="833" started-at="2019-02-21T12:55:00Z" finished-at="2019-02-21T12:55:01Z">
          <reporter-output>
          </reporter-output>
        </test-method> <!-- tearDown -->
        <test-method status="PASS" signature="SetUp()[pri:0, instance:DemoMaven.FacebookTest.FacebookTestCases@5ebec15]" name="SetUp" is-config="true" duration-ms="32133" started-at="2019-02-21T12:55:01Z" finished-at="2019-02-21T12:55:33Z">
          <reporter-output>
          </reporter-output>
        </test-method> <!-- SetUp -->
        <test-method status="PASS" signature="verify_title()[pri:0, instance:DemoMaven.FacebookTest.FacebookTestCases@5ebec15]" name="verify_title" duration-ms="365" started-at="2019-02-21T12:55:33Z" finished-at="2019-02-21T12:55:33Z">
          <reporter-output>
          </reporter-output>
        </test-method> <!-- verify_title -->
        <test-method status="PASS" signature="tearDown()[pri:0, instance:DemoMaven.FacebookTest.FacebookTestCases@5ebec15]" name="tearDown" is-config="true" duration-ms="795" started-at="2019-02-21T12:55:33Z" finished-at="2019-02-21T12:55:34Z">
          <reporter-output>
          </reporter-output>
        </test-method> <!-- tearDown -->
        <test-method status="PASS" signature="SetUp()[pri:0, instance:DemoMaven.FacebookTest.FacebookTestCases@5ebec15]" name="SetUp" is-config="true" duration-ms="57011" started-at="2019-02-21T12:55:34Z" finished-at="2019-02-21T12:56:31Z">
          <reporter-output>
          </reporter-output>
        </test-method> <!-- SetUp -->
        <test-method status="PASS" signature="Username_Test()[pri:0, instance:DemoMaven.FacebookTest.FacebookTestCases@5ebec15]" name="Username_Test" duration-ms="216" started-at="2019-02-21T12:56:31Z" finished-at="2019-02-21T12:56:31Z">
          <reporter-output>
          </reporter-output>
        </test-method> <!-- Username_Test -->
        <test-method status="PASS" signature="tearDown()[pri:0, instance:DemoMaven.FacebookTest.FacebookTestCases@5ebec15]" name="tearDown" is-config="true" duration-ms="1398" started-at="2019-02-21T12:56:31Z" finished-at="2019-02-21T12:56:32Z">
          <reporter-output>
          </reporter-output>
        </test-method> <!-- tearDown -->
        <test-method status="PASS" signature="SetUp()[pri:0, instance:DemoMaven.FacebookTest.FacebookTestCases@5ebec15]" name="SetUp" is-config="true" duration-ms="40311" started-at="2019-02-21T12:56:32Z" finished-at="2019-02-21T12:57:13Z">
          <reporter-output>
          </reporter-output>
        </test-method> <!-- SetUp -->
        <test-method status="PASS" signature="Password_Test()[pri:0, instance:DemoMaven.FacebookTest.FacebookTestCases@5ebec15]" name="Password_Test" duration-ms="84" started-at="2019-02-21T12:57:13Z" finished-at="2019-02-21T12:57:13Z">
          <reporter-output>
          </reporter-output>
        </test-method> <!-- Password_Test -->
        <test-method status="PASS" signature="tearDown()[pri:0, instance:DemoMaven.FacebookTest.FacebookTestCases@5ebec15]" name="tearDown" is-config="true" duration-ms="819" started-at="2019-02-21T12:57:13Z" finished-at="2019-02-21T12:57:14Z">
          <reporter-output>
          </reporter-output>
        </test-method> <!-- tearDown -->
        <test-method status="PASS" signature="SetUp()[pri:0, instance:DemoMaven.FacebookTest.FacebookTestCases@5ebec15]" name="SetUp" is-config="true" duration-ms="33995" started-at="2019-02-21T12:57:14Z" finished-at="2019-02-21T12:57:48Z">
          <reporter-output>
          </reporter-output>
        </test-method> <!-- SetUp -->
        <test-method status="PASS" signature="check_LoginButton_Color_Test()[pri:0, instance:DemoMaven.FacebookTest.FacebookTestCases@5ebec15]" name="check_LoginButton_Color_Test" duration-ms="464" started-at="2019-02-21T12:57:48Z" finished-at="2019-02-21T12:57:48Z">
          <reporter-output>
          </reporter-output>
        </test-method> <!-- check_LoginButton_Color_Test -->
        <test-method status="PASS" signature="tearDown()[pri:0, instance:DemoMaven.FacebookTest.FacebookTestCases@5ebec15]" name="tearDown" is-config="true" duration-ms="717" started-at="2019-02-21T12:57:48Z" finished-at="2019-02-21T12:57:49Z">
          <reporter-output>
          </reporter-output>
        </test-method> <!-- tearDown -->
        <test-method status="PASS" signature="SetUp()[pri:0, instance:DemoMaven.FacebookTest.FacebookTestCases@5ebec15]" name="SetUp" is-config="true" duration-ms="32688" started-at="2019-02-21T12:57:49Z" finished-at="2019-02-21T12:58:22Z">
          <reporter-output>
          </reporter-output>
        </test-method> <!-- SetUp -->
        <test-method status="PASS" signature="check_Links_Test()[pri:0, instance:DemoMaven.FacebookTest.FacebookTestCases@5ebec15]" name="check_Links_Test" duration-ms="1595" started-at="2019-02-21T12:58:22Z" finished-at="2019-02-21T12:58:23Z">
          <reporter-output>
          </reporter-output>
        </test-method> <!-- check_Links_Test -->
        <test-method status="PASS" signature="tearDown()[pri:0, instance:DemoMaven.FacebookTest.FacebookTestCases@5ebec15]" name="tearDown" is-config="true" duration-ms="718" started-at="2019-02-21T12:58:23Z" finished-at="2019-02-21T12:58:24Z">
          <reporter-output>
          </reporter-output>
        </test-method> <!-- tearDown -->
        <test-method status="PASS" signature="SetUp()[pri:0, instance:DemoMaven.FacebookTest.FacebookTestCases@5ebec15]" name="SetUp" is-config="true" duration-ms="32676" started-at="2019-02-21T12:58:24Z" finished-at="2019-02-21T12:58:57Z">
          <reporter-output>
          </reporter-output>
        </test-method> <!-- SetUp -->
        <test-method status="PASS" signature="check_Links()[pri:0, instance:DemoMaven.FacebookTest.FacebookTestCases@5ebec15]" name="check_Links" duration-ms="1018" started-at="2019-02-21T12:58:57Z" finished-at="2019-02-21T12:58:58Z">
          <reporter-output>
          </reporter-output>
        </test-method> <!-- check_Links -->
        <test-method status="PASS" signature="tearDown()[pri:0, instance:DemoMaven.FacebookTest.FacebookTestCases@5ebec15]" name="tearDown" is-config="true" duration-ms="761" started-at="2019-02-21T12:58:58Z" finished-at="2019-02-21T12:58:58Z">
          <reporter-output>
          </reporter-output>
        </test-method> <!-- tearDown -->
        <test-method status="PASS" signature="SetUp()[pri:0, instance:DemoMaven.FacebookTest.FacebookTestCases@5ebec15]" name="SetUp" is-config="true" duration-ms="33750" started-at="2019-02-21T12:58:58Z" finished-at="2019-02-21T12:59:32Z">
          <reporter-output>
          </reporter-output>
        </test-method> <!-- SetUp -->
        <test-method status="PASS" signature="Blank_Username_Password_Test()[pri:0, instance:DemoMaven.FacebookTest.FacebookTestCases@5ebec15]" name="Blank_Username_Password_Test" duration-ms="10237" started-at="2019-02-21T12:59:32Z" finished-at="2019-02-21T12:59:42Z">
          <reporter-output>
          </reporter-output>
        </test-method> <!-- Blank_Username_Password_Test -->
        <test-method status="PASS" signature="tearDown()[pri:0, instance:DemoMaven.FacebookTest.FacebookTestCases@5ebec15]" name="tearDown" is-config="true" duration-ms="701" started-at="2019-02-21T12:59:42Z" finished-at="2019-02-21T12:59:43Z">
          <reporter-output>
          </reporter-output>
        </test-method> <!-- tearDown -->
        <test-method status="PASS" signature="SetUp()[pri:0, instance:DemoMaven.FacebookTest.FacebookTestCases@5ebec15]" name="SetUp" is-config="true" duration-ms="33650" started-at="2019-02-21T12:59:43Z" finished-at="2019-02-21T13:00:17Z">
          <reporter-output>
          </reporter-output>
        </test-method> <!-- SetUp -->
        <test-method status="PASS" signature="Invalid_Username_Password_Test()[pri:0, instance:DemoMaven.FacebookTest.FacebookTestCases@5ebec15]" name="Invalid_Username_Password_Test" duration-ms="9017" started-at="2019-02-21T13:00:17Z" finished-at="2019-02-21T13:00:26Z">
          <reporter-output>
          </reporter-output>
        </test-method> <!-- Invalid_Username_Password_Test -->
        <test-method status="PASS" signature="tearDown()[pri:0, instance:DemoMaven.FacebookTest.FacebookTestCases@5ebec15]" name="tearDown" is-config="true" duration-ms="745" started-at="2019-02-21T13:00:26Z" finished-at="2019-02-21T13:00:26Z">
          <reporter-output>
          </reporter-output>
        </test-method> <!-- tearDown -->
        <test-method status="PASS" signature="SetUp()[pri:0, instance:DemoMaven.FacebookTest.FacebookTestCases@5ebec15]" name="SetUp" is-config="true" duration-ms="32347" started-at="2019-02-21T13:00:26Z" finished-at="2019-02-21T13:00:59Z">
          <reporter-output>
          </reporter-output>
        </test-method> <!-- SetUp -->
        <test-method status="FAIL" signature="valid_Username_Password_Logout_Test()[pri:0, instance:DemoMaven.FacebookTest.FacebookTestCases@5ebec15]" name="valid_Username_Password_Logout_Test" duration-ms="50994" started-at="2019-02-21T13:00:59Z" finished-at="2019-02-21T13:01:50Z">
          <exception class="org.openqa.selenium.TimeoutException">
            <message>
              <![CDATA[timeout
  (Session info: chrome=72.0.3626.109)
  (Driver info: chromedriver=72.0.3626.69 (3c16f8a135abc0d4da2dff33804db79b849a7c38),platform=Windows NT 10.0.17134 x86_64) (WARNING: The server did not provide any stacktrace information)
Command duration or timeout: 0 milliseconds
Build info: version: '3.141.59', revision: 'e82be7d358', time: '2018-11-14T08:17:03'
System info: host: 'LAPTOP-T2D0RNDH', ip: '192.168.31.114', os.name: 'Windows 10', os.arch: 'amd64', os.version: '10.0', java.version: '1.8.0_191'
Driver info: org.openqa.selenium.chrome.ChromeDriver
Capabilities {acceptInsecureCerts: false, acceptSslCerts: false, applicationCacheEnabled: false, browserConnectionEnabled: false, browserName: chrome, chrome: {chromedriverVersion: 72.0.3626.69 (3c16f8a135abc..., userDataDir: C:\Users\Lenovo\AppData\Loc...}, cssSelectorsEnabled: true, databaseEnabled: false, goog:chromeOptions: {debuggerAddress: localhost:51037}, handlesAlerts: true, hasTouchScreen: false, javascriptEnabled: true, locationContextEnabled: true, mobileEmulationEnabled: false, nativeEvents: true, networkConnectionEnabled: false, pageLoadStrategy: normal, platform: XP, platformName: XP, proxy: Proxy(), rotatable: false, setWindowRect: true, takesHeapSnapshot: true, takesScreenshot: true, timeouts: {implicit: 0, pageLoad: 300000, script: 30000}, unexpectedAlertBehaviour: ignore, unhandledPromptBehavior: ignore, version: 72.0.3626.109, webStorageEnabled: true}
Session ID: 03a09733b62f1a1d0bee7e3735a57b29]]>
            </message>
            <full-stacktrace>
              <![CDATA[org.openqa.selenium.TimeoutException: timeout
  (Session info: chrome=72.0.3626.109)
  (Driver info: chromedriver=72.0.3626.69 (3c16f8a135abc0d4da2dff33804db79b849a7c38),platform=Windows NT 10.0.17134 x86_64) (WARNING: The server did not provide any stacktrace information)
Command duration or timeout: 0 milliseconds
Build info: version: '3.141.59', revision: 'e82be7d358', time: '2018-11-14T08:17:03'
System info: host: 'LAPTOP-T2D0RNDH', ip: '192.168.31.114', os.name: 'Windows 10', os.arch: 'amd64', os.version: '10.0', java.version: '1.8.0_191'
Driver info: org.openqa.selenium.chrome.ChromeDriver
Capabilities {acceptInsecureCerts: false, acceptSslCerts: false, applicationCacheEnabled: false, browserConnectionEnabled: false, browserName: chrome, chrome: {chromedriverVersion: 72.0.3626.69 (3c16f8a135abc..., userDataDir: C:\Users\Lenovo\AppData\Loc...}, cssSelectorsEnabled: true, databaseEnabled: false, goog:chromeOptions: {debuggerAddress: localhost:51037}, handlesAlerts: true, hasTouchScreen: false, javascriptEnabled: true, locationContextEnabled: true, mobileEmulationEnabled: false, nativeEvents: true, networkConnectionEnabled: false, pageLoadStrategy: normal, platform: XP, platformName: XP, proxy: Proxy(), rotatable: false, setWindowRect: true, takesHeapSnapshot: true, takesScreenshot: true, timeouts: {implicit: 0, pageLoad: 300000, script: 30000}, unexpectedAlertBehaviour: ignore, unhandledPromptBehavior: ignore, version: 72.0.3626.109, webStorageEnabled: true}
Session ID: 03a09733b62f1a1d0bee7e3735a57b29
	at sun.reflect.NativeConstructorAccessorImpl.newInstance0(Native Method)
	at sun.reflect.NativeConstructorAccessorImpl.newInstance(NativeConstructorAccessorImpl.java:62)
	at sun.reflect.DelegatingConstructorAccessorImpl.newInstance(DelegatingConstructorAccessorImpl.java:45)
	at java.lang.reflect.Constructor.newInstance(Constructor.java:423)
	at org.openqa.selenium.remote.ErrorHandler.createThrowable(ErrorHandler.java:214)
	at org.openqa.selenium.remote.ErrorHandler.throwIfResponseFailed(ErrorHandler.java:166)
	at org.openqa.selenium.remote.http.JsonHttpResponseCodec.reconstructValue(JsonHttpResponseCodec.java:40)
	at org.openqa.selenium.remote.http.AbstractHttpResponseCodec.decode(AbstractHttpResponseCodec.java:80)
	at org.openqa.selenium.remote.http.AbstractHttpResponseCodec.decode(AbstractHttpResponseCodec.java:44)
	at org.openqa.selenium.remote.HttpCommandExecutor.execute(HttpCommandExecutor.java:158)
	at org.openqa.selenium.remote.service.DriverCommandExecutor.execute(DriverCommandExecutor.java:83)
	at org.openqa.selenium.remote.RemoteWebDriver.execute(RemoteWebDriver.java:552)
	at org.openqa.selenium.remote.RemoteWebElement.execute(RemoteWebElement.java:285)
	at org.openqa.selenium.remote.RemoteWebElement.click(RemoteWebElement.java:84)
	at DemoMaven.FacebookTest.FacebookTestCases.valid_Username_Password_Logout_Test(FacebookTestCases.java:149)
	at sun.reflect.NativeMethodAccessorImpl.invoke0(Native Method)
	at sun.reflect.NativeMethodAccessorImpl.invoke(NativeMethodAccessorImpl.java:62)
	at sun.reflect.DelegatingMethodAccessorImpl.invoke(DelegatingMethodAccessorImpl.java:43)
	at java.lang.reflect.Method.invoke(Method.java:498)
	at org.testng.internal.MethodInvocationHelper.invokeMethod(MethodInvocationHelper.java:80)
	at org.testng.internal.Invoker.invokeMethod(Invoker.java:714)
	at org.testng.internal.Invoker.invokeTestMethod(Invoker.java:901)
	at org.testng.internal.Invoker.invokeTestMethods(Invoker.java:1231)
	at org.testng.internal.TestMethodWorker.invokeTestMethods(TestMethodWorker.java:127)
	at org.testng.internal.TestMethodWorker.run(TestMethodWorker.java:111)
	at org.testng.TestRunner.privateRun(TestRunner.java:767)
	at org.testng.TestRunner.run(TestRunner.java:617)
	at org.testng.SuiteRunner.runTest(SuiteRunner.java:334)
	at org.testng.SuiteRunner.runSequentially(SuiteRunner.java:329)
	at org.testng.SuiteRunner.privateRun(SuiteRunner.java:291)
	at org.testng.SuiteRunner.run(SuiteRunner.java:240)
	at org.testng.SuiteRunnerWorker.runSuite(SuiteRunnerWorker.java:52)
	at org.testng.SuiteRunnerWorker.run(SuiteRunnerWorker.java:86)
	at org.testng.TestNG.runSuitesSequentially(TestNG.java:1198)
	at org.testng.TestNG.runSuitesLocally(TestNG.java:1123)
	at org.testng.TestNG.run(TestNG.java:1031)
	at org.apache.maven.surefire.testng.TestNGExecutor.run(TestNGExecutor.java:283)
	at org.apache.maven.surefire.testng.TestNGXmlTestSuite.execute(TestNGXmlTestSuite.java:75)
	at org.apache.maven.surefire.testng.TestNGProvider.invoke(TestNGProvider.java:120)
	at org.apache.maven.surefire.booter.ForkedBooter.invokeProviderInSameClassLoader(ForkedBooter.java:384)
	at org.apache.maven.surefire.booter.ForkedBooter.runSuitesInProcess(ForkedBooter.java:345)
	at org.apache.maven.surefire.booter.ForkedBooter.execute(ForkedBooter.java:126)
	at org.apache.maven.surefire.booter.ForkedBooter.main(ForkedBooter.java:418)
]]>
            </full-stacktrace>
          </exception> <!-- org.openqa.selenium.TimeoutException -->
          <reporter-output>
          </reporter-output>
        </test-method> <!-- valid_Username_Password_Logout_Test -->
        <test-method status="PASS" signature="tearDown()[pri:0, instance:DemoMaven.FacebookTest.FacebookTestCases@5ebec15]" name="tearDown" is-config="true" duration-ms="764" started-at="2019-02-21T13:01:50Z" finished-at="2019-02-21T13:01:51Z">
          <reporter-output>
          </reporter-output>
        </test-method> <!-- tearDown -->
        <test-method status="PASS" signature="SetUp()[pri:0, instance:DemoMaven.FacebookTest.FacebookTestCases@5ebec15]" name="SetUp" is-config="true" duration-ms="39314" started-at="2019-02-21T13:01:51Z" finished-at="2019-02-21T13:02:30Z">
          <reporter-output>
          </reporter-output>
        </test-method> <!-- SetUp -->
        <test-method status="PASS" signature="Create_New_Account_Visible_Test()[pri:0, instance:DemoMaven.FacebookTest.FacebookTestCases@5ebec15]" name="Create_New_Account_Visible_Test" duration-ms="5061" started-at="2019-02-21T13:02:30Z" finished-at="2019-02-21T13:02:35Z">
          <reporter-output>
          </reporter-output>
        </test-method> <!-- Create_New_Account_Visible_Test -->
        <test-method status="PASS" signature="tearDown()[pri:0, instance:DemoMaven.FacebookTest.FacebookTestCases@5ebec15]" name="tearDown" is-config="true" duration-ms="784" started-at="2019-02-21T13:02:35Z" finished-at="2019-02-21T13:02:36Z">
          <reporter-output>
          </reporter-output>
        </test-method> <!-- tearDown -->
        <test-method status="PASS" signature="SetUp()[pri:0, instance:DemoMaven.FacebookTest.FacebookTestCases@5ebec15]" name="SetUp" is-config="true" duration-ms="35317" started-at="2019-02-21T13:02:36Z" finished-at="2019-02-21T13:03:11Z">
          <reporter-output>
          </reporter-output>
        </test-method> <!-- SetUp -->
        <test-method status="PASS" signature="Firstname_Test()[pri:0, instance:DemoMaven.FacebookTest.FacebookTestCases@5ebec15]" name="Firstname_Test" duration-ms="458" started-at="2019-02-21T13:03:11Z" finished-at="2019-02-21T13:03:12Z">
          <reporter-output>
          </reporter-output>
        </test-method> <!-- Firstname_Test -->
        <test-method status="PASS" signature="tearDown()[pri:0, instance:DemoMaven.FacebookTest.FacebookTestCases@5ebec15]" name="tearDown" is-config="true" duration-ms="772" started-at="2019-02-21T13:03:12Z" finished-at="2019-02-21T13:03:12Z">
          <reporter-output>
          </reporter-output>
        </test-method> <!-- tearDown -->
        <test-method status="PASS" signature="SetUp()[pri:0, instance:DemoMaven.FacebookTest.FacebookTestCases@5ebec15]" name="SetUp" is-config="true" duration-ms="29389" started-at="2019-02-21T13:03:12Z" finished-at="2019-02-21T13:03:42Z">
          <reporter-output>
          </reporter-output>
        </test-method> <!-- SetUp -->
        <test-method status="PASS" signature="Surname_Test()[pri:0, instance:DemoMaven.FacebookTest.FacebookTestCases@5ebec15]" name="Surname_Test" duration-ms="172" started-at="2019-02-21T13:03:42Z" finished-at="2019-02-21T13:03:42Z">
          <reporter-output>
          </reporter-output>
        </test-method> <!-- Surname_Test -->
        <test-method status="PASS" signature="tearDown()[pri:0, instance:DemoMaven.FacebookTest.FacebookTestCases@5ebec15]" name="tearDown" is-config="true" duration-ms="748" started-at="2019-02-21T13:03:42Z" finished-at="2019-02-21T13:03:43Z">
          <reporter-output>
          </reporter-output>
        </test-method> <!-- tearDown -->
        <test-method status="PASS" signature="SetUp()[pri:0, instance:DemoMaven.FacebookTest.FacebookTestCases@5ebec15]" name="SetUp" is-config="true" duration-ms="30335" started-at="2019-02-21T13:03:43Z" finished-at="2019-02-21T13:04:13Z">
          <reporter-output>
          </reporter-output>
        </test-method> <!-- SetUp -->
        <test-method status="PASS" signature="MobileNo_OR_Email_Test()[pri:0, instance:DemoMaven.FacebookTest.FacebookTestCases@5ebec15]" name="MobileNo_OR_Email_Test" duration-ms="256" started-at="2019-02-21T13:04:13Z" finished-at="2019-02-21T13:04:13Z">
          <reporter-output>
          </reporter-output>
        </test-method> <!-- MobileNo_OR_Email_Test -->
        <test-method status="PASS" signature="tearDown()[pri:0, instance:DemoMaven.FacebookTest.FacebookTestCases@5ebec15]" name="tearDown" is-config="true" duration-ms="894" started-at="2019-02-21T13:04:13Z" finished-at="2019-02-21T13:04:14Z">
          <reporter-output>
          </reporter-output>
        </test-method> <!-- tearDown -->
        <test-method status="PASS" signature="SetUp()[pri:0, instance:DemoMaven.FacebookTest.FacebookTestCases@5ebec15]" name="SetUp" is-config="true" duration-ms="28717" started-at="2019-02-21T13:04:14Z" finished-at="2019-02-21T13:04:43Z">
          <reporter-output>
          </reporter-output>
        </test-method> <!-- SetUp -->
        <test-method status="PASS" signature="New_Passwod_Test()[pri:0, instance:DemoMaven.FacebookTest.FacebookTestCases@5ebec15]" name="New_Passwod_Test" duration-ms="461" started-at="2019-02-21T13:04:43Z" finished-at="2019-02-21T13:04:43Z">
          <reporter-output>
          </reporter-output>
        </test-method> <!-- New_Passwod_Test -->
        <test-method status="PASS" signature="tearDown()[pri:0, instance:DemoMaven.FacebookTest.FacebookTestCases@5ebec15]" name="tearDown" is-config="true" duration-ms="709" started-at="2019-02-21T13:04:43Z" finished-at="2019-02-21T13:04:44Z">
          <reporter-output>
          </reporter-output>
        </test-method> <!-- tearDown -->
        <test-method status="PASS" signature="SetUp()[pri:0, instance:DemoMaven.FacebookTest.FacebookTestCases@5ebec15]" name="SetUp" is-config="true" duration-ms="30020" started-at="2019-02-21T13:04:44Z" finished-at="2019-02-21T13:05:14Z">
          <reporter-output>
          </reporter-output>
        </test-method> <!-- SetUp -->
        <test-method status="PASS" signature="Birthday_Input_Test()[pri:0, instance:DemoMaven.FacebookTest.FacebookTestCases@5ebec15]" name="Birthday_Input_Test" duration-ms="1252" started-at="2019-02-21T13:05:14Z" finished-at="2019-02-21T13:05:15Z">
          <reporter-output>
          </reporter-output>
        </test-method> <!-- Birthday_Input_Test -->
        <test-method status="PASS" signature="tearDown()[pri:0, instance:DemoMaven.FacebookTest.FacebookTestCases@5ebec15]" name="tearDown" is-config="true" duration-ms="827" started-at="2019-02-21T13:05:15Z" finished-at="2019-02-21T13:05:16Z">
          <reporter-output>
          </reporter-output>
        </test-method> <!-- tearDown -->
        <test-method status="PASS" signature="SetUp()[pri:0, instance:DemoMaven.FacebookTest.FacebookTestCases@5ebec15]" name="SetUp" is-config="true" duration-ms="30211" started-at="2019-02-21T13:05:16Z" finished-at="2019-02-21T13:05:46Z">
          <reporter-output>
          </reporter-output>
        </test-method> <!-- SetUp -->
        <test-method status="PASS" signature="Click_On_GenderOption_Test()[pri:0, instance:DemoMaven.FacebookTest.FacebookTestCases@5ebec15]" name="Click_On_GenderOption_Test" duration-ms="159" started-at="2019-02-21T13:05:46Z" finished-at="2019-02-21T13:05:46Z">
          <reporter-output>
          </reporter-output>
        </test-method> <!-- Click_On_GenderOption_Test -->
        <test-method status="PASS" signature="tearDown()[pri:0, instance:DemoMaven.FacebookTest.FacebookTestCases@5ebec15]" name="tearDown" is-config="true" duration-ms="708" started-at="2019-02-21T13:05:46Z" finished-at="2019-02-21T13:05:47Z">
          <reporter-output>
          </reporter-output>
        </test-method> <!-- tearDown -->
        <test-method status="PASS" signature="SetUp()[pri:0, instance:DemoMaven.FacebookTest.FacebookTestCases@5ebec15]" name="SetUp" is-config="true" duration-ms="31980" started-at="2019-02-21T13:05:47Z" finished-at="2019-02-21T13:06:19Z">
          <reporter-output>
          </reporter-output>
        </test-method> <!-- SetUp -->
        <test-method status="PASS" signature="SignUp_Submit_Button_Test()[pri:0, instance:DemoMaven.FacebookTest.FacebookTestCases@5ebec15]" name="SignUp_Submit_Button_Test" duration-ms="244" started-at="2019-02-21T13:06:19Z" finished-at="2019-02-21T13:06:19Z">
          <reporter-output>
          </reporter-output>
        </test-method> <!-- SignUp_Submit_Button_Test -->
        <test-method status="PASS" signature="tearDown()[pri:0, instance:DemoMaven.FacebookTest.FacebookTestCases@5ebec15]" name="tearDown" is-config="true" duration-ms="720" started-at="2019-02-21T13:06:19Z" finished-at="2019-02-21T13:06:20Z">
          <reporter-output>
          </reporter-output>
        </test-method> <!-- tearDown -->
        <test-method status="PASS" signature="SetUp()[pri:0, instance:DemoMaven.FacebookTest.FacebookTestCases@5ebec15]" name="SetUp" is-config="true" duration-ms="28971" started-at="2019-02-21T13:06:20Z" finished-at="2019-02-21T13:06:49Z">
          <reporter-output>
          </reporter-output>
        </test-method> <!-- SetUp -->
        <test-method status="FAIL" signature="Create_a_Page_Test()[pri:0, instance:DemoMaven.FacebookTest.FacebookTestCases@5ebec15]" name="Create_a_Page_Test" duration-ms="50402" started-at="2019-02-21T13:06:49Z" finished-at="2019-02-21T13:07:39Z">
          <exception class="org.openqa.selenium.TimeoutException">
            <message>
              <![CDATA[timeout
  (Session info: chrome=72.0.3626.109)
  (Driver info: chromedriver=72.0.3626.69 (3c16f8a135abc0d4da2dff33804db79b849a7c38),platform=Windows NT 10.0.17134 x86_64) (WARNING: The server did not provide any stacktrace information)
Command duration or timeout: 0 milliseconds
Build info: version: '3.141.59', revision: 'e82be7d358', time: '2018-11-14T08:17:03'
System info: host: 'LAPTOP-T2D0RNDH', ip: '192.168.31.114', os.name: 'Windows 10', os.arch: 'amd64', os.version: '10.0', java.version: '1.8.0_191'
Driver info: org.openqa.selenium.chrome.ChromeDriver
Capabilities {acceptInsecureCerts: false, acceptSslCerts: false, applicationCacheEnabled: false, browserConnectionEnabled: false, browserName: chrome, chrome: {chromedriverVersion: 72.0.3626.69 (3c16f8a135abc..., userDataDir: C:\Users\Lenovo\AppData\Loc...}, cssSelectorsEnabled: true, databaseEnabled: false, goog:chromeOptions: {debuggerAddress: localhost:51914}, handlesAlerts: true, hasTouchScreen: false, javascriptEnabled: true, locationContextEnabled: true, mobileEmulationEnabled: false, nativeEvents: true, networkConnectionEnabled: false, pageLoadStrategy: normal, platform: XP, platformName: XP, proxy: Proxy(), rotatable: false, setWindowRect: true, takesHeapSnapshot: true, takesScreenshot: true, timeouts: {implicit: 0, pageLoad: 300000, script: 30000}, unexpectedAlertBehaviour: ignore, unhandledPromptBehavior: ignore, version: 72.0.3626.109, webStorageEnabled: true}
Session ID: 02fbd0d9ce29ff307d8f78b8bb5b6cb5]]>
            </message>
            <full-stacktrace>
              <![CDATA[org.openqa.selenium.TimeoutException: timeout
  (Session info: chrome=72.0.3626.109)
  (Driver info: chromedriver=72.0.3626.69 (3c16f8a135abc0d4da2dff33804db79b849a7c38),platform=Windows NT 10.0.17134 x86_64) (WARNING: The server did not provide any stacktrace information)
Command duration or timeout: 0 milliseconds
Build info: version: '3.141.59', revision: 'e82be7d358', time: '2018-11-14T08:17:03'
System info: host: 'LAPTOP-T2D0RNDH', ip: '192.168.31.114', os.name: 'Windows 10', os.arch: 'amd64', os.version: '10.0', java.version: '1.8.0_191'
Driver info: org.openqa.selenium.chrome.ChromeDriver
Capabilities {acceptInsecureCerts: false, acceptSslCerts: false, applicationCacheEnabled: false, browserConnectionEnabled: false, browserName: chrome, chrome: {chromedriverVersion: 72.0.3626.69 (3c16f8a135abc..., userDataDir: C:\Users\Lenovo\AppData\Loc...}, cssSelectorsEnabled: true, databaseEnabled: false, goog:chromeOptions: {debuggerAddress: localhost:51914}, handlesAlerts: true, hasTouchScreen: false, javascriptEnabled: true, locationContextEnabled: true, mobileEmulationEnabled: false, nativeEvents: true, networkConnectionEnabled: false, pageLoadStrategy: normal, platform: XP, platformName: XP, proxy: Proxy(), rotatable: false, setWindowRect: true, takesHeapSnapshot: true, takesScreenshot: true, timeouts: {implicit: 0, pageLoad: 300000, script: 30000}, unexpectedAlertBehaviour: ignore, unhandledPromptBehavior: ignore, version: 72.0.3626.109, webStorageEnabled: true}
Session ID: 02fbd0d9ce29ff307d8f78b8bb5b6cb5
	at sun.reflect.NativeConstructorAccessorImpl.newInstance0(Native Method)
	at sun.reflect.NativeConstructorAccessorImpl.newInstance(NativeConstructorAccessorImpl.java:62)
	at sun.reflect.DelegatingConstructorAccessorImpl.newInstance(DelegatingConstructorAccessorImpl.java:45)
	at java.lang.reflect.Constructor.newInstance(Constructor.java:423)
	at org.openqa.selenium.remote.ErrorHandler.createThrowable(ErrorHandler.java:214)
	at org.openqa.selenium.remote.ErrorHandler.throwIfResponseFailed(ErrorHandler.java:166)
	at org.openqa.selenium.remote.http.JsonHttpResponseCodec.reconstructValue(JsonHttpResponseCodec.java:40)
	at org.openqa.selenium.remote.http.AbstractHttpResponseCodec.decode(AbstractHttpResponseCodec.java:80)
	at org.openqa.selenium.remote.http.AbstractHttpResponseCodec.decode(AbstractHttpResponseCodec.java:44)
	at org.openqa.selenium.remote.HttpCommandExecutor.execute(HttpCommandExecutor.java:158)
	at org.openqa.selenium.remote.service.DriverCommandExecutor.execute(DriverCommandExecutor.java:83)
	at org.openqa.selenium.remote.RemoteWebDriver.execute(RemoteWebDriver.java:552)
	at org.openqa.selenium.remote.RemoteWebElement.execute(RemoteWebElement.java:285)
	at org.openqa.selenium.remote.RemoteWebElement.click(RemoteWebElement.java:84)
	at DemoMaven.FacebookTest.FacebookTestCases.Create_a_Page_Test(FacebookTestCases.java:211)
	at sun.reflect.NativeMethodAccessorImpl.invoke0(Native Method)
	at sun.reflect.NativeMethodAccessorImpl.invoke(NativeMethodAccessorImpl.java:62)
	at sun.reflect.DelegatingMethodAccessorImpl.invoke(DelegatingMethodAccessorImpl.java:43)
	at java.lang.reflect.Method.invoke(Method.java:498)
	at org.testng.internal.MethodInvocationHelper.invokeMethod(MethodInvocationHelper.java:80)
	at org.testng.internal.Invoker.invokeMethod(Invoker.java:714)
	at org.testng.internal.Invoker.invokeTestMethod(Invoker.java:901)
	at org.testng.internal.Invoker.invokeTestMethods(Invoker.java:1231)
	at org.testng.internal.TestMethodWorker.invokeTestMethods(TestMethodWorker.java:127)
	at org.testng.internal.TestMethodWorker.run(TestMethodWorker.java:111)
	at org.testng.TestRunner.privateRun(TestRunner.java:767)
	at org.testng.TestRunner.run(TestRunner.java:617)
	at org.testng.SuiteRunner.runTest(SuiteRunner.java:334)
	at org.testng.SuiteRunner.runSequentially(SuiteRunner.java:329)
	at org.testng.SuiteRunner.privateRun(SuiteRunner.java:291)
	at org.testng.SuiteRunner.run(SuiteRunner.java:240)
	at org.testng.SuiteRunnerWorker.runSuite(SuiteRunnerWorker.java:52)
	at org.testng.SuiteRunnerWorker.run(SuiteRunnerWorker.java:86)
	at org.testng.TestNG.runSuitesSequentially(TestNG.java:1198)
	at org.testng.TestNG.runSuitesLocally(TestNG.java:1123)
	at org.testng.TestNG.run(TestNG.java:1031)
	at org.apache.maven.surefire.testng.TestNGExecutor.run(TestNGExecutor.java:283)
	at org.apache.maven.surefire.testng.TestNGXmlTestSuite.execute(TestNGXmlTestSuite.java:75)
	at org.apache.maven.surefire.testng.TestNGProvider.invoke(TestNGProvider.java:120)
	at org.apache.maven.surefire.booter.ForkedBooter.invokeProviderInSameClassLoader(ForkedBooter.java:384)
	at org.apache.maven.surefire.booter.ForkedBooter.runSuitesInProcess(ForkedBooter.java:345)
	at org.apache.maven.surefire.booter.ForkedBooter.execute(ForkedBooter.java:126)
	at org.apache.maven.surefire.booter.ForkedBooter.main(ForkedBooter.java:418)
]]>
            </full-stacktrace>
          </exception> <!-- org.openqa.selenium.TimeoutException -->
          <reporter-output>
          </reporter-output>
        </test-method> <!-- Create_a_Page_Test -->
        <test-method status="PASS" signature="tearDown()[pri:0, instance:DemoMaven.FacebookTest.FacebookTestCases@5ebec15]" name="tearDown" is-config="true" duration-ms="798" started-at="2019-02-21T13:07:39Z" finished-at="2019-02-21T13:07:40Z">
          <reporter-output>
          </reporter-output>
        </test-method> <!-- tearDown -->
        <test-method status="FAIL" signature="SetUp()[pri:0, instance:DemoMaven.FacebookTest.FacebookTestCases@5ebec15]" name="SetUp" is-config="true" duration-ms="0" started-at="2019-02-21T13:07:40Z" finished-at="2019-02-21T13:07:40Z">
          <exception class="org.openqa.selenium.TimeoutException">
            <message>
              <![CDATA[timeout
  (Session info: chrome=72.0.3626.109)
  (Driver info: chromedriver=72.0.3626.69 (3c16f8a135abc0d4da2dff33804db79b849a7c38),platform=Windows NT 10.0.17134 x86_64) (WARNING: The server did not provide any stacktrace information)
Command duration or timeout: 0 milliseconds
Build info: version: '3.141.59', revision: 'e82be7d358', time: '2018-11-14T08:17:03'
System info: host: 'LAPTOP-T2D0RNDH', ip: '192.168.31.114', os.name: 'Windows 10', os.arch: 'amd64', os.version: '10.0', java.version: '1.8.0_191'
Driver info: org.openqa.selenium.chrome.ChromeDriver
Capabilities {acceptInsecureCerts: false, acceptSslCerts: false, applicationCacheEnabled: false, browserConnectionEnabled: false, browserName: chrome, chrome: {chromedriverVersion: 72.0.3626.69 (3c16f8a135abc..., userDataDir: C:\Users\Lenovo\AppData\Loc...}, cssSelectorsEnabled: true, databaseEnabled: false, goog:chromeOptions: {debuggerAddress: localhost:51978}, handlesAlerts: true, hasTouchScreen: false, javascriptEnabled: true, locationContextEnabled: true, mobileEmulationEnabled: false, nativeEvents: true, networkConnectionEnabled: false, pageLoadStrategy: normal, platform: XP, platformName: XP, proxy: Proxy(), rotatable: false, setWindowRect: true, takesHeapSnapshot: true, takesScreenshot: true, timeouts: {implicit: 0, pageLoad: 300000, script: 30000}, unexpectedAlertBehaviour: ignore, unhandledPromptBehavior: ignore, version: 72.0.3626.109, webStorageEnabled: true}
Session ID: 7e49a70ad36771b0d56b3613e54702ac]]>
            </message>
            <full-stacktrace>
              <![CDATA[org.openqa.selenium.TimeoutException: timeout
  (Session info: chrome=72.0.3626.109)
  (Driver info: chromedriver=72.0.3626.69 (3c16f8a135abc0d4da2dff33804db79b849a7c38),platform=Windows NT 10.0.17134 x86_64) (WARNING: The server did not provide any stacktrace information)
Command duration or timeout: 0 milliseconds
Build info: version: '3.141.59', revision: 'e82be7d358', time: '2018-11-14T08:17:03'
System info: host: 'LAPTOP-T2D0RNDH', ip: '192.168.31.114', os.name: 'Windows 10', os.arch: 'amd64', os.version: '10.0', java.version: '1.8.0_191'
Driver info: org.openqa.selenium.chrome.ChromeDriver
Capabilities {acceptInsecureCerts: false, acceptSslCerts: false, applicationCacheEnabled: false, browserConnectionEnabled: false, browserName: chrome, chrome: {chromedriverVersion: 72.0.3626.69 (3c16f8a135abc..., userDataDir: C:\Users\Lenovo\AppData\Loc...}, cssSelectorsEnabled: true, databaseEnabled: false, goog:chromeOptions: {debuggerAddress: localhost:51978}, handlesAlerts: true, hasTouchScreen: false, javascriptEnabled: true, locationContextEnabled: true, mobileEmulationEnabled: false, nativeEvents: true, networkConnectionEnabled: false, pageLoadStrategy: normal, platform: XP, platformName: XP, proxy: Proxy(), rotatable: false, setWindowRect: true, takesHeapSnapshot: true, takesScreenshot: true, timeouts: {implicit: 0, pageLoad: 300000, script: 30000}, unexpectedAlertBehaviour: ignore, unhandledPromptBehavior: ignore, version: 72.0.3626.109, webStorageEnabled: true}
Session ID: 7e49a70ad36771b0d56b3613e54702ac
	at sun.reflect.NativeConstructorAccessorImpl.newInstance0(Native Method)
	at sun.reflect.NativeConstructorAccessorImpl.newInstance(NativeConstructorAccessorImpl.java:62)
	at sun.reflect.DelegatingConstructorAccessorImpl.newInstance(DelegatingConstructorAccessorImpl.java:45)
	at java.lang.reflect.Constructor.newInstance(Constructor.java:423)
	at org.openqa.selenium.remote.ErrorHandler.createThrowable(ErrorHandler.java:214)
	at org.openqa.selenium.remote.ErrorHandler.throwIfResponseFailed(ErrorHandler.java:166)
	at org.openqa.selenium.remote.http.JsonHttpResponseCodec.reconstructValue(JsonHttpResponseCodec.java:40)
	at org.openqa.selenium.remote.http.AbstractHttpResponseCodec.decode(AbstractHttpResponseCodec.java:80)
	at org.openqa.selenium.remote.http.AbstractHttpResponseCodec.decode(AbstractHttpResponseCodec.java:44)
	at org.openqa.selenium.remote.HttpCommandExecutor.execute(HttpCommandExecutor.java:158)
	at org.openqa.selenium.remote.service.DriverCommandExecutor.execute(DriverCommandExecutor.java:83)
	at org.openqa.selenium.remote.RemoteWebDriver.execute(RemoteWebDriver.java:552)
	at org.openqa.selenium.remote.RemoteWebDriver.get(RemoteWebDriver.java:277)
	at DemoMaven.FacebookTest.FacebookTestCases.SetUp(FacebookTestCases.java:32)
	at sun.reflect.GeneratedMethodAccessor1.invoke(Unknown Source)
	at sun.reflect.DelegatingMethodAccessorImpl.invoke(DelegatingMethodAccessorImpl.java:43)
	at java.lang.reflect.Method.invoke(Method.java:498)
	at org.testng.internal.MethodInvocationHelper.invokeMethod(MethodInvocationHelper.java:80)
	at org.testng.internal.Invoker.invokeConfigurationMethod(Invoker.java:564)
	at org.testng.internal.Invoker.invokeConfigurations(Invoker.java:213)
	at org.testng.internal.Invoker.invokeMethod(Invoker.java:653)
	at org.testng.internal.Invoker.invokeTestMethod(Invoker.java:901)
	at org.testng.internal.Invoker.invokeTestMethods(Invoker.java:1231)
	at org.testng.internal.TestMethodWorker.invokeTestMethods(TestMethodWorker.java:127)
	at org.testng.internal.TestMethodWorker.run(TestMethodWorker.java:111)
	at org.testng.TestRunner.privateRun(TestRunner.java:767)
	at org.testng.TestRunner.run(TestRunner.java:617)
	at org.testng.SuiteRunner.runTest(SuiteRunner.java:334)
	at org.testng.SuiteRunner.runSequentially(SuiteRunner.java:329)
	at org.testng.SuiteRunner.privateRun(SuiteRunner.java:291)
	at org.testng.SuiteRunner.run(SuiteRunner.java:240)
	at org.testng.SuiteRunnerWorker.runSuite(SuiteRunnerWorker.java:52)
	at org.testng.SuiteRunnerWorker.run(SuiteRunnerWorker.java:86)
	at org.testng.TestNG.runSuitesSequentially(TestNG.java:1198)
	at org.testng.TestNG.runSuitesLocally(TestNG.java:1123)
	at org.testng.TestNG.run(TestNG.java:1031)
	at org.apache.maven.surefire.testng.TestNGExecutor.run(TestNGExecutor.java:283)
	at org.apache.maven.surefire.testng.TestNGXmlTestSuite.execute(TestNGXmlTestSuite.java:75)
	at org.apache.maven.surefire.testng.TestNGProvider.invoke(TestNGProvider.java:120)
	at org.apache.maven.surefire.booter.ForkedBooter.invokeProviderInSameClassLoader(ForkedBooter.java:384)
	at org.apache.maven.surefire.booter.ForkedBooter.runSuitesInProcess(ForkedBooter.java:345)
	at org.apache.maven.surefire.booter.ForkedBooter.execute(ForkedBooter.java:126)
	at org.apache.maven.surefire.booter.ForkedBooter.main(ForkedBooter.java:418)
]]>
            </full-stacktrace>
          </exception> <!-- org.openqa.selenium.TimeoutException -->
          <reporter-output>
          </reporter-output>
        </test-method> <!-- SetUp -->
        <test-method status="SKIP" signature="Create_a_Page_Visible_Test()[pri:0, instance:DemoMaven.FacebookTest.FacebookTestCases@5ebec15]" name="Create_a_Page_Visible_Test" duration-ms="4" started-at="2019-02-21T13:08:44Z" finished-at="2019-02-21T13:08:44Z">
          <reporter-output>
          </reporter-output>
        </test-method> <!-- Create_a_Page_Visible_Test -->
        <test-method status="SKIP" signature="BusinessOrBrand_Page_Test()[pri:0, instance:DemoMaven.FacebookTest.FacebookTestCases@5ebec15]" name="BusinessOrBrand_Page_Test" duration-ms="0" started-at="2019-02-21T13:08:44Z" finished-at="2019-02-21T13:08:44Z">
          <reporter-output>
          </reporter-output>
        </test-method> <!-- BusinessOrBrand_Page_Test -->
        <test-method status="SKIP" signature="tearDown()[pri:0, instance:DemoMaven.FacebookTest.FacebookTestCases@5ebec15]" name="tearDown" is-config="true" duration-ms="0" started-at="2019-02-21T13:08:44Z" finished-at="2019-02-21T13:08:44Z">
          <reporter-output>
          </reporter-output>
        </test-method> <!-- tearDown -->
        <test-method status="SKIP" signature="SetUp()[pri:0, instance:DemoMaven.FacebookTest.FacebookTestCases@5ebec15]" name="SetUp" is-config="true" duration-ms="0" started-at="2019-02-21T13:08:44Z" finished-at="2019-02-21T13:08:44Z">
          <reporter-output>
          </reporter-output>
        </test-method> <!-- SetUp -->
        <test-method status="SKIP" signature="tearDown()[pri:0, instance:DemoMaven.FacebookTest.FacebookTestCases@5ebec15]" name="tearDown" is-config="true" duration-ms="0" started-at="2019-02-21T13:08:44Z" finished-at="2019-02-21T13:08:44Z">
          <reporter-output>
          </reporter-output>
        </test-method> <!-- tearDown -->
      </class> <!-- DemoMaven.FacebookTest.FacebookTestCases -->
    </test> <!-- Test -->
  </suite> <!-- Suite -->
</testng-results>
